<?xml version="1.0" encoding="UTF-8"?>
<!-- Generated by org.testng.reporters.JUnitReportReporter -->
<testsuite hostname="DESKTOP-HQHM8O5" failures="0" tests="2" name="com.pos.testcases.CreateNewVendor" time="202.967" errors="0" timestamp="2024-05-30T01:10:42 IST" skipped="0">
  <testcase classname="com.pos.testcases.CreateNewVendor" name="runLogin" time="25.199"/>
  <system-out/>
  <testcase classname="com.pos.testcases.CreateNewVendor" name="runLogin" time="177.768"/>
  <system-out/>
</testsuite> <!-- com.pos.testcases.CreateNewVendor -->
