<?xml version="1.0" encoding="UTF-8"?>
<!-- Generated by org.testng.reporters.JUnitReportReporter -->
<testsuite hostname="DESKTOP-HQHM8O5" failures="0" tests="1" name="com.pos.testcases.CreateNewVendor" time="29.216" errors="0" timestamp="2024-05-30T14:06:23 IST" skipped="0">
  <testcase classname="com.pos.testcases.CreateNewVendor" name="runLogin" time="29.216"/>
  <system-out/>
</testsuite> <!-- com.pos.testcases.CreateNewVendor -->
